<?xml version="1.0" encoding="UTF-8"?>
<!-- Generated by org.testng.reporters.JUnitXMLReporter -->
<testsuite ignored="0" hostname="DESKTOP-83JUM21" failures="0" tests="7" name="Test" time="82.195" errors="0" timestamp="2020-06-10T16:47:57 IST">
  <testcase classname="testcases.Action" name="registration" time="56.241"/>
  <testcase classname="testcases.Action" name="sign_in" time="2.032"/>
  <testcase classname="testcases.Action" name="selectProduct" time="5.501"/>
  <testcase classname="testcases.Action" name="proceed_to_checkout" time="10.535"/>
  <testcase classname="testcases.Action" name="payBy_Check" time="1.213"/>
  <testcase classname="testcases.Action" name="confirmOrder" time="2.792"/>
  <testcase classname="testcases.Action" name="order_history" time="3.835"/>
</testsuite> <!-- Test -->
