<?xml version="1.0" encoding="UTF-8"?>
<testng-results ignored="0" total="7" passed="7" failed="0" skipped="0">
  <reporter-output>
  </reporter-output>
  <suite started-at="2020-06-10T16:46:34 IST" name="Suite" finished-at="2020-06-10T16:47:56 IST" duration-ms="82195">
    <groups>
    </groups>
    <test started-at="2020-06-10T16:46:34 IST" name="Test" finished-at="2020-06-10T16:47:56 IST" duration-ms="82195">
      <class name="testcases.Action">
        <test-method signature="registration()[pri:1, instance:testcases.Action@770c2e6b]" started-at="2020-06-10T16:46:34 IST" name="registration" finished-at="2020-06-10T16:47:30 IST" duration-ms="56241" status="PASS">
          <reporter-output>
          </reporter-output>
        </test-method> <!-- registration -->
        <test-method signature="sign_in()[pri:2, instance:testcases.Action@770c2e6b]" started-at="2020-06-10T16:47:30 IST" name="sign_in" finished-at="2020-06-10T16:47:32 IST" duration-ms="2032" status="PASS">
          <reporter-output>
          </reporter-output>
        </test-method> <!-- sign_in -->
        <test-method signature="selectProduct()[pri:3, instance:testcases.Action@770c2e6b]" started-at="2020-06-10T16:47:32 IST" name="selectProduct" finished-at="2020-06-10T16:47:38 IST" duration-ms="5501" status="PASS">
          <reporter-output>
          </reporter-output>
        </test-method> <!-- selectProduct -->
        <test-method signature="proceed_to_checkout()[pri:4, instance:testcases.Action@770c2e6b]" started-at="2020-06-10T16:47:38 IST" name="proceed_to_checkout" finished-at="2020-06-10T16:47:48 IST" duration-ms="10535" status="PASS">
          <reporter-output>
          </reporter-output>
        </test-method> <!-- proceed_to_checkout -->
        <test-method signature="payBy_Check()[pri:5, instance:testcases.Action@770c2e6b]" started-at="2020-06-10T16:47:48 IST" name="payBy_Check" finished-at="2020-06-10T16:47:50 IST" duration-ms="1213" status="PASS">
          <reporter-output>
          </reporter-output>
        </test-method> <!-- payBy_Check -->
        <test-method signature="confirmOrder()[pri:6, instance:testcases.Action@770c2e6b]" started-at="2020-06-10T16:47:50 IST" name="confirmOrder" finished-at="2020-06-10T16:47:52 IST" duration-ms="2792" status="PASS">
          <reporter-output>
          </reporter-output>
        </test-method> <!-- confirmOrder -->
        <test-method signature="order_history()[pri:7, instance:testcases.Action@770c2e6b]" started-at="2020-06-10T16:47:52 IST" name="order_history" finished-at="2020-06-10T16:47:56 IST" duration-ms="3835" status="PASS">
          <reporter-output>
          </reporter-output>
        </test-method> <!-- order_history -->
      </class> <!-- testcases.Action -->
    </test> <!-- Test -->
  </suite> <!-- Suite -->
</testng-results>
